C51 COMPILER V9.54   MAIN                                                                  07/06/2017 19:07:00 PAGE 1   


C51 COMPILER V9.54, COMPILATION OF MODULE MAIN
OBJECT MODULE PLACED IN .\Objects\Main.obj
COMPILER INVOKED BY: D:\Keil_v5\C51\BIN\C51.EXE Main.c OPTIMIZE(8,SPEED) BROWSE DEBUG OBJECTEXTEND PRINT(.\Listings\Main
                    -.lst) TABS(2) OBJECT(.\Objects\Main.obj)

line level    source

   1          #include <STC89C5xRC.H>
   2          #include "BackRoom.h"
   3          
   4          void init()
   5          {
   6   1        P00 = 1;
   7   1        P01 = 1;
   8   1        P02 = 1;
   9   1        P03 = 1;
  10   1        P04 = 1;
  11   1        P05 = 1;
  12   1        P06 = 1;
  13   1        P07 = 1;
  14   1      }
  15          void main()
  16          {
  17   1        init();
  18   1        
  19   1        //7个灯 每个灯亮1秒钟循环
  20   1        while(1)
  21   1        {
  22   2          P00 = 0;
  23   2          delay_ms(1000);
  24   2          P00 = 1;
  25   2          
  26   2          P01 = 0;
  27   2          delay_ms(1000);
  28   2          P01 = 1;
  29   2          
  30   2          P02 = 0;
  31   2          delay_ms(1000);
  32   2          P02 = 1;
  33   2          
  34   2          P03 = 0;
  35   2          delay_ms(1000);
  36   2          P03 = 1;
  37   2          
  38   2          P04 = 0;
  39   2          delay_ms(1000);
  40   2          P04 = 1;
  41   2          
  42   2          P05 = 0;
  43   2          delay_ms(1000);
  44   2          P05 = 1;
  45   2          
  46   2          P06 = 0;
  47   2          delay_ms(1000);
  48   2          P06 = 1;
  49   2        }
  50   1      }


MODULE INFORMATION:   STATIC OVERLAYABLE
   CODE SIZE        =    118    ----
C51 COMPILER V9.54   MAIN                                                                  07/06/2017 19:07:00 PAGE 2   

   CONSTANT SIZE    =   ----    ----
   XDATA SIZE       =   ----    ----
   PDATA SIZE       =   ----    ----
   DATA SIZE        =      2    ----
   IDATA SIZE       =   ----    ----
   BIT SIZE         =   ----    ----
END OF MODULE INFORMATION.


C51 COMPILATION COMPLETE.  0 WARNING(S),  0 ERROR(S)
